Using pre-set license
Built from '2020.2/release' branch; Version is '2020.2.1f1 (270dd8c3da1c) revision 2559448'; Using compiler version '192528614'; Build Type 'Release'
OS: 'Windows 10  (10.0.0) 64bit' Language: 'en' Physical Memory: 16330 MB
BatchMode: 1, IsHumanControllingUs: 0, StartBugReporterOnCrash: 0, Is64bit: 1, IsPro: 0

 COMMAND LINE ARGUMENTS:
C:\Program Files\Unity\Hub\Editor\2020.2.1f1\Editor\Unity.exe
-adb2
-batchMode
-noUpm
-name
AssetImportWorker0
-projectPath
C:/Users/Julia/Desktop/PhysicsA1_Sangiorgio
-logFile
Logs/AssetImportWorker0.log
-srvPort
59716
Successfully changed project path to: C:/Users/Julia/Desktop/PhysicsA1_Sangiorgio
C:/Users/Julia/Desktop/PhysicsA1_Sangiorgio
Using Asset Import Pipeline V2.
Refreshing native plugins compatible for Editor in 18.68 ms, found 0 plugins.
Preloading 0 native plugins for Editor in 0.00 ms.
Initialize engine version: 2020.2.1f1 (270dd8c3da1c)
[Subsystems] Discovering subsystems at path C:/Program Files/Unity/Hub/Editor/2020.2.1f1/Editor/Data/Resources/UnitySubsystems
[Subsystems] Discovering subsystems at path C:/Users/Julia/Desktop/PhysicsA1_Sangiorgio/Assets
GfxDevice: creating device client; threaded=0
Direct3D:
    Version:  Direct3D 11.0 [level 11.1]
    Renderer: NVIDIA GeForce RTX 3070 (ID=0x2484)
    Vendor:   
    VRAM:     8043 MB
    Driver:   27.21.14.6140
Initialize mono
Mono path[0] = 'C:/Program Files/Unity/Hub/Editor/2020.2.1f1/Editor/Data/Managed'
Mono path[1] = 'C:/Program Files/Unity/Hub/Editor/2020.2.1f1/Editor/Data/MonoBleedingEdge/lib/mono/unityjit'
Mono config path = 'C:/Program Files/Unity/Hub/Editor/2020.2.1f1/Editor/Data/MonoBleedingEdge/etc'
Using monoOptions --debugger-agent=transport=dt_socket,embedding=1,server=y,suspend=n,address=127.0.0.1:56036
Begin MonoManager ReloadAssembly
Registering precompiled unity dll's ...
Register platform support module: C:/Program Files/Unity/Hub/Editor/2020.2.1f1/Editor/Data/PlaybackEngines/WindowsStandaloneSupport/UnityEditor.WindowsStandalone.Extensions.dll
Registered in 0.002148 seconds.
Native extension for WindowsStandalone target not found
Refreshing native plugins compatible for Editor in 23.85 ms, found 0 plugins.
Preloading 0 native plugins for Editor in 0.00 ms.
Invoked RoslynAnalysisRunner static constructor.
RoslynAnalysisRunner will not be running.
RoslynAnalysisRunner has terminated.
Mono: successfully reloaded assembly
- Completed reload, in  0.873 seconds
Platform modules already initialized, skipping
Registering precompiled user dll's ...
Registered in 0.000581 seconds.
Begin MonoManager ReloadAssembly
Native extension for WindowsStandalone target not found
Refreshing native plugins compatible for Editor in 0.22 ms, found 0 plugins.
Preloading 0 native plugins for Editor in 0.00 ms.
Invoked RoslynAnalysisRunner static constructor.
RoslynAnalysisRunner will not be running.
RoslynAnalysisRunner has terminated.
Mono: successfully reloaded assembly
- Completed reload, in  0.618 seconds
Platform modules already initialized, skipping
========================================================================
Worker process is ready to serve import requests
Launched and connected shader compiler UnityShaderCompiler.exe after 0.03 seconds
Refreshing native plugins compatible for Editor in 0.24 ms, found 0 plugins.
Preloading 0 native plugins for Editor in 0.00 ms.
Unloading 1098 Unused Serialized files (Serialized files now loaded: 0)
System memory in use before: 56.7 MB.
System memory in use after: 56.8 MB.

Unloading 10 unused Assets to reduce memory usage. Loaded Objects now: 1540.
Total: 1.520000 ms (FindLiveObjects: 0.139600 ms CreateObjectMapping: 0.026700 ms MarkObjects: 1.303100 ms  DeleteObjects: 0.049900 ms)

========================================================================
Received Import Request.
  path: Assets/Scripts/Timer.cs
  artifactKey: Guid(8ac819a18bcd2cf4a9542567cc674914) Importer(815301076,1909f56bfc062723c751e8b465ee728b)
Start importing Assets/Scripts/Timer.cs using Guid(8ac819a18bcd2cf4a9542567cc674914) Importer(815301076,1909f56bfc062723c751e8b465ee728b)  -> (artifact id: 'debca4d0ddfde3a63e69928620c1ba8f') in 0.025122 seconds
  Import took 0.027343 seconds .

========================================================================
Received Prepare
Refreshing native plugins compatible for Editor in 0.62 ms, found 0 plugins.
Preloading 0 native plugins for Editor in 0.00 ms.
Unloading 3 Unused Serialized files (Serialized files now loaded: 0)
System memory in use before: 35.1 MB.
System memory in use after: 35.2 MB.

Unloading 3 unused Assets to reduce memory usage. Loaded Objects now: 1540.
Total: 1.645300 ms (FindLiveObjects: 0.172700 ms CreateObjectMapping: 0.039000 ms MarkObjects: 1.383400 ms  DeleteObjects: 0.049200 ms)

========================================================================
Received Import Request.
  Time since last request: 523.824890 seconds.
  path: Assets/Scripts/Timer.cs
  artifactKey: Guid(8ac819a18bcd2cf4a9542567cc674914) Importer(815301076,1909f56bfc062723c751e8b465ee728b)
Start importing Assets/Scripts/Timer.cs using Guid(8ac819a18bcd2cf4a9542567cc674914) Importer(815301076,1909f56bfc062723c751e8b465ee728b)  -> (artifact id: 'b7b5bd2256b0db29e59a5b6f1c460b0b') in 0.002244 seconds
  Import took 0.004178 seconds .

========================================================================
Received Prepare
Registering precompiled user dll's ...
Registered in 0.000486 seconds.
Begin MonoManager ReloadAssembly
Native extension for WindowsStandalone target not found
Refreshing native plugins compatible for Editor in 0.22 ms, found 0 plugins.
Preloading 0 native plugins for Editor in 0.00 ms.
Invoked RoslynAnalysisRunner static constructor.
RoslynAnalysisRunner will not be running.
RoslynAnalysisRunner has terminated.
Mono: successfully reloaded assembly
- Completed reload, in  0.546 seconds
Platform modules already initialized, skipping
Refreshing native plugins compatible for Editor in 0.23 ms, found 0 plugins.
Preloading 0 native plugins for Editor in 0.00 ms.
Unloading 1093 Unused Serialized files (Serialized files now loaded: 0)
System memory in use before: 57.2 MB.
System memory in use after: 57.2 MB.

Unloading 5 unused Assets to reduce memory usage. Loaded Objects now: 1542.
Total: 1.654300 ms (FindLiveObjects: 0.148700 ms CreateObjectMapping: 0.027600 ms MarkObjects: 1.433100 ms  DeleteObjects: 0.043800 ms)

========================================================================
Received Prepare
Registering precompiled user dll's ...
Registered in 0.000473 seconds.
Begin MonoManager ReloadAssembly
Native extension for WindowsStandalone target not found
Refreshing native plugins compatible for Editor in 0.34 ms, found 0 plugins.
Preloading 0 native plugins for Editor in 0.00 ms.
Invoked RoslynAnalysisRunner static constructor.
RoslynAnalysisRunner will not be running.
RoslynAnalysisRunner has terminated.
Mono: successfully reloaded assembly
- Completed reload, in  0.571 seconds
Platform modules already initialized, skipping
Refreshing native plugins compatible for Editor in 0.22 ms, found 0 plugins.
Preloading 0 native plugins for Editor in 0.00 ms.
Unloading 1093 Unused Serialized files (Serialized files now loaded: 0)
System memory in use before: 57.4 MB.
System memory in use after: 57.5 MB.

Unloading 5 unused Assets to reduce memory usage. Loaded Objects now: 1544.
Total: 2.180600 ms (FindLiveObjects: 0.355800 ms CreateObjectMapping: 0.064600 ms MarkObjects: 1.709200 ms  DeleteObjects: 0.049600 ms)

========================================================================
Received Prepare
Registering precompiled user dll's ...
Registered in 0.000488 seconds.
Begin MonoManager ReloadAssembly
Native extension for WindowsStandalone target not found
Refreshing native plugins compatible for Editor in 0.22 ms, found 0 plugins.
Preloading 0 native plugins for Editor in 0.00 ms.
Invoked RoslynAnalysisRunner static constructor.
RoslynAnalysisRunner will not be running.
RoslynAnalysisRunner has terminated.
Mono: successfully reloaded assembly
- Completed reload, in  0.497 seconds
Platform modules already initialized, skipping
Refreshing native plugins compatible for Editor in 0.23 ms, found 0 plugins.
Preloading 0 native plugins for Editor in 0.00 ms.
Unloading 1093 Unused Serialized files (Serialized files now loaded: 0)
System memory in use before: 57.5 MB.
System memory in use after: 57.6 MB.

Unloading 5 unused Assets to reduce memory usage. Loaded Objects now: 1546.
Total: 1.693600 ms (FindLiveObjects: 0.178000 ms CreateObjectMapping: 0.047500 ms MarkObjects: 1.421500 ms  DeleteObjects: 0.045500 ms)

========================================================================
Received Import Request.
  Time since last request: 283.185951 seconds.
  path: Assets/Scripts/Timer.cs
  artifactKey: Guid(8ac819a18bcd2cf4a9542567cc674914) Importer(815301076,1909f56bfc062723c751e8b465ee728b)
Start importing Assets/Scripts/Timer.cs using Guid(8ac819a18bcd2cf4a9542567cc674914) Importer(815301076,1909f56bfc062723c751e8b465ee728b)  -> (artifact id: '83173051725983e14686113621bced9f') in 0.004532 seconds
  Import took 0.007739 seconds .

========================================================================
Received Import Request.
  Time since last request: 1.132290 seconds.
  path: Assets/Scripts/Timer.cs
  artifactKey: Guid(8ac819a18bcd2cf4a9542567cc674914) Importer(815301076,1909f56bfc062723c751e8b465ee728b)
Start importing Assets/Scripts/Timer.cs using Guid(8ac819a18bcd2cf4a9542567cc674914) Importer(815301076,1909f56bfc062723c751e8b465ee728b)  -> (artifact id: '83173051725983e14686113621bced9f') in 0.002087 seconds
  Import took 0.003739 seconds .

========================================================================
Received Prepare
Registering precompiled user dll's ...
Registered in 0.000569 seconds.
Begin MonoManager ReloadAssembly
Native extension for WindowsStandalone target not found
Refreshing native plugins compatible for Editor in 0.34 ms, found 0 plugins.
Preloading 0 native plugins for Editor in 0.00 ms.
Invoked RoslynAnalysisRunner static constructor.
RoslynAnalysisRunner will not be running.
RoslynAnalysisRunner has terminated.
Mono: successfully reloaded assembly
- Completed reload, in  0.581 seconds
Platform modules already initialized, skipping
Refreshing native plugins compatible for Editor in 0.22 ms, found 0 plugins.
Preloading 0 native plugins for Editor in 0.00 ms.
Unloading 1093 Unused Serialized files (Serialized files now loaded: 0)
System memory in use before: 57.8 MB.
System memory in use after: 57.9 MB.

Unloading 5 unused Assets to reduce memory usage. Loaded Objects now: 1548.
Total: 2.070800 ms (FindLiveObjects: 0.250100 ms CreateObjectMapping: 0.031900 ms MarkObjects: 1.740700 ms  DeleteObjects: 0.046800 ms)

========================================================================
Received Import Request.
  Time since last request: 3336.339421 seconds.
  path: Assets/Scripts/Timer.cs
  artifactKey: Guid(8ac819a18bcd2cf4a9542567cc674914) Importer(815301076,1909f56bfc062723c751e8b465ee728b)
Start importing Assets/Scripts/Timer.cs using Guid(8ac819a18bcd2cf4a9542567cc674914) Importer(815301076,1909f56bfc062723c751e8b465ee728b)  -> (artifact id: '8193d70ace20102f88b0fdb683d081fe') in 0.004274 seconds
  Import took 0.006399 seconds .

========================================================================
Received Import Request.
  Time since last request: 0.662982 seconds.
  path: Assets/Scripts/Timer.cs
  artifactKey: Guid(8ac819a18bcd2cf4a9542567cc674914) Importer(815301076,1909f56bfc062723c751e8b465ee728b)
Start importing Assets/Scripts/Timer.cs using Guid(8ac819a18bcd2cf4a9542567cc674914) Importer(815301076,1909f56bfc062723c751e8b465ee728b)  -> (artifact id: '8193d70ace20102f88b0fdb683d081fe') in 0.002130 seconds
  Import took 0.004022 seconds .

========================================================================
Received Prepare
Registering precompiled user dll's ...
Registered in 0.000453 seconds.
Begin MonoManager ReloadAssembly
Native extension for WindowsStandalone target not found
Refreshing native plugins compatible for Editor in 0.22 ms, found 0 plugins.
Preloading 0 native plugins for Editor in 0.00 ms.
Invoked RoslynAnalysisRunner static constructor.
RoslynAnalysisRunner will not be running.
RoslynAnalysisRunner has terminated.
Mono: successfully reloaded assembly
- Completed reload, in  0.499 seconds
Platform modules already initialized, skipping
Refreshing native plugins compatible for Editor in 0.22 ms, found 0 plugins.
Preloading 0 native plugins for Editor in 0.00 ms.
Unloading 1093 Unused Serialized files (Serialized files now loaded: 0)
System memory in use before: 58.1 MB.
System memory in use after: 58.1 MB.

Unloading 5 unused Assets to reduce memory usage. Loaded Objects now: 1550.
Total: 1.528300 ms (FindLiveObjects: 0.168500 ms CreateObjectMapping: 0.037400 ms MarkObjects: 1.278800 ms  DeleteObjects: 0.042900 ms)

========================================================================
Received Import Request.
  Time since last request: 50.139901 seconds.
  path: Assets/Scripts/Timer.cs
  artifactKey: Guid(8ac819a18bcd2cf4a9542567cc674914) Importer(815301076,1909f56bfc062723c751e8b465ee728b)
Start importing Assets/Scripts/Timer.cs using Guid(8ac819a18bcd2cf4a9542567cc674914) Importer(815301076,1909f56bfc062723c751e8b465ee728b)  -> (artifact id: '89d2a40f9471c9f2a8c1d92837bfde6b') in 0.003902 seconds
  Import took 0.005846 seconds .

========================================================================
Received Import Request.
  Time since last request: 1.223194 seconds.
  path: Assets/Scripts/Timer.cs
  artifactKey: Guid(8ac819a18bcd2cf4a9542567cc674914) Importer(815301076,1909f56bfc062723c751e8b465ee728b)
Start importing Assets/Scripts/Timer.cs using Guid(8ac819a18bcd2cf4a9542567cc674914) Importer(815301076,1909f56bfc062723c751e8b465ee728b)  -> (artifact id: '89d2a40f9471c9f2a8c1d92837bfde6b') in 0.002276 seconds
  Import took 0.003797 seconds .

========================================================================
Received Prepare
Registering precompiled user dll's ...
Registered in 0.000434 seconds.
Begin MonoManager ReloadAssembly
Native extension for WindowsStandalone target not found
Refreshing native plugins compatible for Editor in 0.22 ms, found 0 plugins.
Preloading 0 native plugins for Editor in 0.00 ms.
Invoked RoslynAnalysisRunner static constructor.
RoslynAnalysisRunner will not be running.
RoslynAnalysisRunner has terminated.
Mono: successfully reloaded assembly
- Completed reload, in  0.516 seconds
Platform modules already initialized, skipping
Refreshing native plugins compatible for Editor in 0.42 ms, found 0 plugins.
Preloading 0 native plugins for Editor in 0.00 ms.
Unloading 1093 Unused Serialized files (Serialized files now loaded: 0)
System memory in use before: 58.3 MB.
System memory in use after: 58.4 MB.

Unloading 5 unused Assets to reduce memory usage. Loaded Objects now: 1552.
Total: 1.502400 ms (FindLiveObjects: 0.157400 ms CreateObjectMapping: 0.041600 ms MarkObjects: 1.259700 ms  DeleteObjects: 0.042800 ms)

========================================================================
Received Import Request.
  Time since last request: 90.760683 seconds.
  path: Assets/Scripts/Timer.cs
  artifactKey: Guid(8ac819a18bcd2cf4a9542567cc674914) Importer(815301076,1909f56bfc062723c751e8b465ee728b)
Start importing Assets/Scripts/Timer.cs using Guid(8ac819a18bcd2cf4a9542567cc674914) Importer(815301076,1909f56bfc062723c751e8b465ee728b)  -> (artifact id: '3c9b25ab8e25a301327ab852680efc51') in 0.004770 seconds
  Import took 0.007140 seconds .

========================================================================
Received Import Request.
  Time since last request: 0.968955 seconds.
  path: Assets/Scripts/Timer.cs
  artifactKey: Guid(8ac819a18bcd2cf4a9542567cc674914) Importer(815301076,1909f56bfc062723c751e8b465ee728b)
Start importing Assets/Scripts/Timer.cs using Guid(8ac819a18bcd2cf4a9542567cc674914) Importer(815301076,1909f56bfc062723c751e8b465ee728b)  -> (artifact id: '3c9b25ab8e25a301327ab852680efc51') in 0.002269 seconds
  Import took 0.003710 seconds .

